22:01:32.912 [restartedMain] ERROR com.example.demo.PersonController - error -- Hello world.
22:01:39.097 [restartedMain] ERROR com.example.demo.PersonController - error -- Hello world.
22:01:49.335 [http-nio-8080-exec-2] ERROR com.example.demo.PersonController - error -- Hello world.
22:03:25.352 [http-nio-8080-exec-5] ERROR com.example.demo.PersonController - error -- Hello world.
22:04:07.126 [restartedMain] ERROR com.example.demo.PersonController - error -- Hello world.
22:04:14.276 [http-nio-8080-exec-2] ERROR com.example.demo.PersonController - error -- Hello world.
22:04:14.694 [http-nio-8080-exec-3] ERROR com.example.demo.PersonController - error -- Hello world.
22:06:54.201 [restartedMain] ERROR com.example.demo.PersonController - 에라잇
22:07:07.418 [http-nio-8080-exec-2] ERROR com.example.demo.PersonController - 에라잇
22:18:59.971 [restartedMain] ERROR com.example.demo.PersonController - log5
22:19:03.079 [http-nio-8080-exec-2] ERROR com.example.demo.PersonController - log5
22:19:03.478 [http-nio-8080-exec-3] ERROR com.example.demo.PersonController - log5
22:19:03.862 [http-nio-8080-exec-4] ERROR com.example.demo.PersonController - log5
22:19:14.717 [http-nio-8080-exec-5] ERROR com.example.demo.PersonController - log5
22:19:16.659 [http-nio-8080-exec-6] ERROR com.example.demo.PersonController - log5
22:19:17.072 [http-nio-8080-exec-7] ERROR com.example.demo.PersonController - log5
22:31:29.678 [http-nio-8080-exec-10] ERROR com.example.demo.PersonController - log5
22:31:29.957 [http-nio-8080-exec-1] ERROR com.example.demo.PersonController - log5
22:31:42.064 [restartedMain] ERROR com.example.demo.PersonController - log5
22:31:59.695 [http-nio-8080-exec-2] ERROR com.example.demo.PersonController - log5
22:31:59.948 [http-nio-8080-exec-3] ERROR com.example.demo.PersonController - log5
22:34:25.085 [restartedMain] ERROR com.example.demo.PersonController - 가즈아!!
22:34:30.151 [http-nio-8080-exec-2] ERROR com.example.demo.PersonController - 가즈아!!
22:36:16.519 [restartedMain] ERROR com.example.demo.PersonController - log5!!
